<?xml version="1.0" encoding="UTF-8"?>
<!-- Generated by org.testng.reporters.JUnitReportReporter -->
<testsuite skipped="0" hostname="Gouthams-MacBook-Air.local" name="tests.GithubFlow" tests="3" failures="0" timestamp="2022-10-04T18:20:49 IST" time="25.226" errors="0">
  <testcase name="login" time="3.570" classname="tests.GithubFlow"/>
  <system-out/>
  <testcase name="createrepo" time="18.514" classname="tests.GithubFlow"/>
  <system-out/>
  <testcase name="deleterepo" time="3.142" classname="tests.GithubFlow"/>
  <system-out/>
</testsuite> <!-- tests.GithubFlow -->
