<?xml version="1.0" encoding="UTF-8"?>
<!-- Generated by org.testng.reporters.JUnitReportReporter -->
<testsuite skipped="0" hostname="Gouthams-MacBook-Air.local" name="tests.GithubFlow" tests="3" failures="0" timestamp="2022-10-18T18:55:05 IST" time="14.399" errors="0">
  <testcase name="login" time="5.257" classname="tests.GithubFlow"/>
  <system-out/>
  <testcase name="createrepo" time="5.374" classname="tests.GithubFlow"/>
  <system-out/>
  <testcase name="deleterepo" time="3.768" classname="tests.GithubFlow"/>
  <system-out/>
</testsuite> <!-- tests.GithubFlow -->
